2023-03-20T05:05:11.462Z [WARN] - Server is running on port 3001 (called by ./index.ts)
2023-03-20T05:06:42.664Z [INFO] - Email Genival@git.com requested account creation (called by src/controller/CreateUser.ts)
2023-03-20T05:06:42.785Z [INFO] - Account for Email Genival@git.com created (called by src/controller/CreateUser.ts)
2023-03-20T05:07:25.943Z [INFO] - Email Genival@git.com tried to login (called by src/controller/login.ts)
2023-03-20T05:07:25.953Z [INFO] - email Genival@git.com managed to login successfully (called by src/controller/login.ts)
2023-03-20T05:08:31.333Z [INFO] - ID 2 requested conversion between currencies USD and BRL (called by src/controller/convert.ts)
2023-03-20T05:08:31.893Z [INFO] - ID 2 successfully received the conversion (called by src/controller/convert.ts)
2023-03-20T05:09:22.029Z [INFO] - ID 2 requested conversion between currencies EUR and USD (called by src/controller/convert.ts)
2023-03-20T05:09:22.568Z [INFO] - ID 2 successfully received the conversion (called by src/controller/convert.ts)
2023-03-20T05:09:55.318Z [INFO] - ID 2 requested the transactions (called by src/controller/consultTransactions.ts)
2023-03-20T05:09:55.324Z [INFO] - ID 2 successfully received the transaction (called by src/controller/consultTransactions.ts)
2023-03-20T05:11:04.345Z [INFO] - Email git@git.com tried to login (called by src/controller/login.ts)
2023-03-20T05:11:04.348Z [WARN] - E-mail git@git.com not registered (called by src/services/login.ts)
2023-03-20T05:11:04.374Z [INFO] - Email git@git.com tried to login (called by src/controller/login.ts)
2023-03-20T05:11:04.374Z [WARN] - E-mail git@git.com entered the wrong password (called by src/services/login.ts)
2023-03-20T05:11:04.382Z [INFO] - Email git@git.com tried to login (called by src/controller/login.ts)
2023-03-20T05:11:04.383Z [INFO] - email git@git.com managed to login successfully (called by src/controller/login.ts)
2023-03-20T05:11:04.439Z [INFO] - Email git@git.com requested account creation (called by src/controller/CreateUser.ts)
2023-03-20T05:11:04.445Z [INFO] - Account for Email git@git.com created (called by src/controller/CreateUser.ts)
2023-03-20T05:11:05.734Z [ERROR] - Error connecting to the database (called by ./src/models/consultTransactions.ts)
2023-03-20T05:11:06.520Z [ERROR] - Error connecting to the database (called by ./src/models/record.ts)
2023-03-20T05:11:06.964Z [ERROR] - Error connecting to the database (called by ./src/models/checkDate.ts)
2023-03-20T05:11:07.098Z [INFO] - ID undefined requested the transactions (called by src/controller/consultTransactions.ts)
2023-03-20T05:11:07.100Z [INFO] - ID undefined successfully received the transaction (called by src/controller/consultTransactions.ts)
